ID: 0
TIME_OUT 9
===================FOLLOWER IN TIMEOUT=====================
Server started. Listening on port [::]:50051
===================FOLLOWER IN TIMEOUT=====================
===================FOLLOWER IN TIMEOUT=====================
===================FOLLOWER IN TIMEOUT=====================
===================FOLLOWER IN TIMEOUT=====================
FOLLOWER: Vote Request
FOLLOWER: Vote Granted to node 2 for term: 1
FOLLOWER: HeartBeat from leader
FOLLOWER: ID: 0 accepted append entries RPC from  2
===================FOLLOWER IN TIMEOUT=====================
FOLLOWER: HeartBeat from leader
FOLLOWER: ID: 0 accepted append entries RPC from  2
===================FOLLOWER IN TIMEOUT=====================
FOLLOWER: HeartBeat from leader
===================FOLLOWER IN TIMEOUT=====================
FOLLOWER: HeartBeat from leader
===================FOLLOWER IN TIMEOUT=====================
FOLLOWER: HeartBeat from leader
===================FOLLOWER IN TIMEOUT=====================
FOLLOWER: HeartBeat from leader
===================FOLLOWER IN TIMEOUT=====================
FOLLOWER: HeartBeat from leader
===================FOLLOWER IN TIMEOUT=====================
FOLLOWER: HeartBeat from leader
===================FOLLOWER IN TIMEOUT=====================
FOLLOWER: HeartBeat from leader
===================FOLLOWER IN TIMEOUT=====================
FOLLOWER: HeartBeat from leader
===================FOLLOWER IN TIMEOUT=====================
FOLLOWER: HeartBeat from leader
===================FOLLOWER IN TIMEOUT=====================
FOLLOWER: HeartBeat from leader
===================FOLLOWER IN TIMEOUT=====================
===================FOLLOWER IN TIMEOUT=====================
FOLLOWER: HeartBeat from leader
===================FOLLOWER IN TIMEOUT=====================
FOLLOWER: HeartBeat from leader
===================FOLLOWER IN TIMEOUT=====================
FOLLOWER: HeartBeat from leader
===================FOLLOWER IN TIMEOUT=====================
FOLLOWER: HeartBeat from leader
===================FOLLOWER IN TIMEOUT=====================
FOLLOWER: HeartBeat from leader
===================FOLLOWER IN TIMEOUT=====================
FOLLOWER: HeartBeat from leader
===================FOLLOWER IN TIMEOUT=====================
FOLLOWER: HeartBeat from leader
===================FOLLOWER IN TIMEOUT=====================
FOLLOWER: HeartBeat from leader
===================FOLLOWER IN TIMEOUT=====================
FOLLOWER: HeartBeat from leader
===================FOLLOWER IN TIMEOUT=====================
FOLLOWER: HeartBeat from leader
===================FOLLOWER IN TIMEOUT=====================
FOLLOWER: HeartBeat from leader
===================FOLLOWER IN TIMEOUT=====================
FOLLOWER: HeartBeat from leader
===================FOLLOWER IN TIMEOUT=====================
FOLLOWER: HeartBeat from leader
===================FOLLOWER IN TIMEOUT=====================
FOLLOWER: HeartBeat from leader
===================FOLLOWER IN TIMEOUT=====================
FOLLOWER: HeartBeat from leader
===================FOLLOWER IN TIMEOUT=====================
FOLLOWER: HeartBeat from leader
===================FOLLOWER IN TIMEOUT=====================
FOLLOWER: HeartBeat from leader
===================FOLLOWER IN TIMEOUT=====================
FOLLOWER: HeartBeat from leader
===================FOLLOWER IN TIMEOUT=====================
FOLLOWER: HeartBeat from leader
===================FOLLOWER IN TIMEOUT=====================
FOLLOWER: HeartBeat from leader
===================FOLLOWER IN TIMEOUT=====================
FOLLOWER: HeartBeat from leader
===================FOLLOWER IN TIMEOUT=====================
FOLLOWER: HeartBeat from leader
===================FOLLOWER IN TIMEOUT=====================
FOLLOWER: HeartBeat from leader
===================FOLLOWER IN TIMEOUT=====================
FOLLOWER: HeartBeat from leader
===================FOLLOWER IN TIMEOUT=====================
FOLLOWER: HeartBeat from leader
===================FOLLOWER IN TIMEOUT=====================
FOLLOWER: HeartBeat from leader
===================FOLLOWER IN TIMEOUT=====================
FOLLOWER: HeartBeat from leader
===================FOLLOWER IN TIMEOUT=====================
FOLLOWER: HeartBeat from leader
===================FOLLOWER IN TIMEOUT=====================
FOLLOWER: HeartBeat from leader
===================FOLLOWER IN TIMEOUT=====================
FOLLOWER: HeartBeat from leader
===================FOLLOWER IN TIMEOUT=====================
FOLLOWER: HeartBeat from leader
===================FOLLOWER IN TIMEOUT=====================
FOLLOWER: HeartBeat from leader
===================FOLLOWER IN TIMEOUT=====================
FOLLOWER: HeartBeat from leader
===================FOLLOWER IN TIMEOUT=====================
FOLLOWER: HeartBeat from leader
===================FOLLOWER IN TIMEOUT=====================
FOLLOWER: HeartBeat from leader
===================FOLLOWER IN TIMEOUT=====================
FOLLOWER: HeartBeat from leader
===================FOLLOWER IN TIMEOUT=====================
FOLLOWER: HeartBeat from leader
===================FOLLOWER IN TIMEOUT=====================
FOLLOWER: HeartBeat from leader
===================FOLLOWER IN TIMEOUT=====================
FOLLOWER: HeartBeat from leader
===================FOLLOWER IN TIMEOUT=====================
FOLLOWER: HeartBeat from leader
===================FOLLOWER IN TIMEOUT=====================
FOLLOWER: HeartBeat from leader
===================FOLLOWER IN TIMEOUT=====================
FOLLOWER: HeartBeat from leader
===================FOLLOWER IN TIMEOUT=====================
FOLLOWER: HeartBeat from leader
===================FOLLOWER IN TIMEOUT=====================
FOLLOWER: HeartBeat from leader
===================FOLLOWER IN TIMEOUT=====================
FOLLOWER: HeartBeat from leader
===================FOLLOWER IN TIMEOUT=====================
FOLLOWER: HeartBeat from leader
===================FOLLOWER IN TIMEOUT=====================
FOLLOWER: HeartBeat from leader
===================FOLLOWER IN TIMEOUT=====================
FOLLOWER: HeartBeat from leader
===================FOLLOWER IN TIMEOUT=====================
FOLLOWER: HeartBeat from leader
===================FOLLOWER IN TIMEOUT=====================
FOLLOWER: HeartBeat from leader
===================FOLLOWER IN TIMEOUT=====================
FOLLOWER: HeartBeat from leader
===================FOLLOWER IN TIMEOUT=====================
FOLLOWER: HeartBeat from leader
===================FOLLOWER IN TIMEOUT=====================
FOLLOWER: HeartBeat from leader
===================FOLLOWER IN TIMEOUT=====================
FOLLOWER: HeartBeat from leader
===================FOLLOWER IN TIMEOUT=====================
FOLLOWER: HeartBeat from leader
===================FOLLOWER IN TIMEOUT=====================
FOLLOWER: HeartBeat from leader
===================FOLLOWER IN TIMEOUT=====================
FOLLOWER: HeartBeat from leader
===================FOLLOWER IN TIMEOUT=====================
FOLLOWER: HeartBeat from leader
===================FOLLOWER IN TIMEOUT=====================
FOLLOWER: HeartBeat from leader
===================FOLLOWER IN TIMEOUT=====================
FOLLOWER: HeartBeat from leader
===================FOLLOWER IN TIMEOUT=====================
FOLLOWER: HeartBeat from leader
===================FOLLOWER IN TIMEOUT=====================
FOLLOWER: HeartBeat from leader
===================FOLLOWER IN TIMEOUT=====================
FOLLOWER: HeartBeat from leader
===================FOLLOWER IN TIMEOUT=====================
FOLLOWER: HeartBeat from leader
===================FOLLOWER IN TIMEOUT=====================
FOLLOWER: HeartBeat from leader
===================FOLLOWER IN TIMEOUT=====================
FOLLOWER: HeartBeat from leader
===================FOLLOWER IN TIMEOUT=====================
FOLLOWER: HeartBeat from leader
===================FOLLOWER IN TIMEOUT=====================
FOLLOWER: HeartBeat from leader
===================FOLLOWER IN TIMEOUT=====================
FOLLOWER: HeartBeat from leader
===================FOLLOWER IN TIMEOUT=====================
FOLLOWER: HeartBeat from leader
===================FOLLOWER IN TIMEOUT=====================
FOLLOWER: HeartBeat from leader
===================FOLLOWER IN TIMEOUT=====================
FOLLOWER: HeartBeat from leader
===================FOLLOWER IN TIMEOUT=====================
FOLLOWER: HeartBeat from leader
===================FOLLOWER IN TIMEOUT=====================
FOLLOWER: HeartBeat from leader
===================FOLLOWER IN TIMEOUT=====================
FOLLOWER: HeartBeat from leader
===================FOLLOWER IN TIMEOUT=====================
FOLLOWER: HeartBeat from leader
===================FOLLOWER IN TIMEOUT=====================
FOLLOWER: HeartBeat from leader
===================FOLLOWER IN TIMEOUT=====================
FOLLOWER: HeartBeat from leader
===================FOLLOWER IN TIMEOUT=====================
FOLLOWER: HeartBeat from leader
===================FOLLOWER IN TIMEOUT=====================
FOLLOWER: HeartBeat from leader
===================FOLLOWER IN TIMEOUT=====================
FOLLOWER: HeartBeat from leader
===================FOLLOWER IN TIMEOUT=====================
FOLLOWER: HeartBeat from leader
===================FOLLOWER IN TIMEOUT=====================
FOLLOWER: HeartBeat from leader
===================FOLLOWER IN TIMEOUT=====================
FOLLOWER: HeartBeat from leader
===================FOLLOWER IN TIMEOUT=====================
FOLLOWER: HeartBeat from leader
===================FOLLOWER IN TIMEOUT=====================
FOLLOWER: HeartBeat from leader
===================FOLLOWER IN TIMEOUT=====================
FOLLOWER: HeartBeat from leader
===================FOLLOWER IN TIMEOUT=====================
FOLLOWER: HeartBeat from leader
===================FOLLOWER IN TIMEOUT=====================
FOLLOWER: HeartBeat from leader
===================FOLLOWER IN TIMEOUT=====================
FOLLOWER: HeartBeat from leader
===================FOLLOWER IN TIMEOUT=====================
FOLLOWER: HeartBeat from leader
===================FOLLOWER IN TIMEOUT=====================
FOLLOWER: HeartBeat from leader
===================FOLLOWER IN TIMEOUT=====================
FOLLOWER: HeartBeat from leader
===================FOLLOWER IN TIMEOUT=====================
FOLLOWER: HeartBeat from leader
===================FOLLOWER IN TIMEOUT=====================
FOLLOWER: HeartBeat from leader
===================FOLLOWER IN TIMEOUT=====================
FOLLOWER: HeartBeat from leader
===================FOLLOWER IN TIMEOUT=====================
FOLLOWER: HeartBeat from leader
===================FOLLOWER IN TIMEOUT=====================
FOLLOWER: HeartBeat from leader
===================FOLLOWER IN TIMEOUT=====================
FOLLOWER: HeartBeat from leader
===================FOLLOWER IN TIMEOUT=====================
FOLLOWER: HeartBeat from leader
===================FOLLOWER IN TIMEOUT=====================
FOLLOWER: HeartBeat from leader
===================FOLLOWER IN TIMEOUT=====================
FOLLOWER: HeartBeat from leader
===================FOLLOWER IN TIMEOUT=====================
FOLLOWER: HeartBeat from leader
===================FOLLOWER IN TIMEOUT=====================
FOLLOWER: HeartBeat from leader
===================FOLLOWER IN TIMEOUT=====================
FOLLOWER: HeartBeat from leader
===================FOLLOWER IN TIMEOUT=====================
FOLLOWER: HeartBeat from leader
===================FOLLOWER IN TIMEOUT=====================
FOLLOWER: HeartBeat from leader
===================FOLLOWER IN TIMEOUT=====================
FOLLOWER: HeartBeat from leader
===================FOLLOWER IN TIMEOUT=====================
FOLLOWER: HeartBeat from leader
===================FOLLOWER IN TIMEOUT=====================
FOLLOWER: HeartBeat from leader
===================FOLLOWER IN TIMEOUT=====================
FOLLOWER: HeartBeat from leader
===================FOLLOWER IN TIMEOUT=====================
FOLLOWER: HeartBeat from leader
===================FOLLOWER IN TIMEOUT=====================
FOLLOWER: HeartBeat from leader
===================FOLLOWER IN TIMEOUT=====================
FOLLOWER: HeartBeat from leader
===================FOLLOWER IN TIMEOUT=====================
FOLLOWER: HeartBeat from leader
===================FOLLOWER IN TIMEOUT=====================
FOLLOWER: HeartBeat from leader
===================FOLLOWER IN TIMEOUT=====================
FOLLOWER: HeartBeat from leader
===================FOLLOWER IN TIMEOUT=====================
FOLLOWER: HeartBeat from leader
===================FOLLOWER IN TIMEOUT=====================
FOLLOWER: HeartBeat from leader
===================FOLLOWER IN TIMEOUT=====================
FOLLOWER: HeartBeat from leader
===================FOLLOWER IN TIMEOUT=====================
FOLLOWER: HeartBeat from leader
===================FOLLOWER IN TIMEOUT=====================
FOLLOWER: HeartBeat from leader
===================FOLLOWER IN TIMEOUT=====================
FOLLOWER: HeartBeat from leader
===================FOLLOWER IN TIMEOUT=====================
FOLLOWER: HeartBeat from leader
===================FOLLOWER IN TIMEOUT=====================
FOLLOWER: HeartBeat from leader
===================FOLLOWER IN TIMEOUT=====================
FOLLOWER: HeartBeat from leader
===================FOLLOWER IN TIMEOUT=====================
FOLLOWER: HeartBeat from leader
===================FOLLOWER IN TIMEOUT=====================
FOLLOWER: HeartBeat from leader
===================FOLLOWER IN TIMEOUT=====================
FOLLOWER: HeartBeat from leader
===================FOLLOWER IN TIMEOUT=====================
FOLLOWER: HeartBeat from leader
===================FOLLOWER IN TIMEOUT=====================
FOLLOWER: HeartBeat from leader
===================FOLLOWER IN TIMEOUT=====================
FOLLOWER: HeartBeat from leader
===================FOLLOWER IN TIMEOUT=====================
FOLLOWER: HeartBeat from leader
===================FOLLOWER IN TIMEOUT=====================
FOLLOWER: HeartBeat from leader
===================FOLLOWER IN TIMEOUT=====================
FOLLOWER: HeartBeat from leader
===================FOLLOWER IN TIMEOUT=====================
FOLLOWER: HeartBeat from leader
===================FOLLOWER IN TIMEOUT=====================
FOLLOWER: HeartBeat from leader
===================FOLLOWER IN TIMEOUT=====================
FOLLOWER: HeartBeat from leader
===================FOLLOWER IN TIMEOUT=====================
FOLLOWER: HeartBeat from leader
===================FOLLOWER IN TIMEOUT=====================
FOLLOWER: HeartBeat from leader
===================FOLLOWER IN TIMEOUT=====================
FOLLOWER: HeartBeat from leader
===================FOLLOWER IN TIMEOUT=====================
FOLLOWER: HeartBeat from leader
===================FOLLOWER IN TIMEOUT=====================
FOLLOWER: HeartBeat from leader
===================FOLLOWER IN TIMEOUT=====================
FOLLOWER: HeartBeat from leader
===================FOLLOWER IN TIMEOUT=====================
FOLLOWER: HeartBeat from leader
===================FOLLOWER IN TIMEOUT=====================
FOLLOWER: HeartBeat from leader
===================FOLLOWER IN TIMEOUT=====================
FOLLOWER: HeartBeat from leader
===================FOLLOWER IN TIMEOUT=====================
FOLLOWER: HeartBeat from leader
===================FOLLOWER IN TIMEOUT=====================
FOLLOWER: HeartBeat from leader
===================FOLLOWER IN TIMEOUT=====================
FOLLOWER: HeartBeat from leader
===================FOLLOWER IN TIMEOUT=====================
FOLLOWER: HeartBeat from leader
===================FOLLOWER IN TIMEOUT=====================
FOLLOWER: HeartBeat from leader
===================FOLLOWER IN TIMEOUT=====================
FOLLOWER: HeartBeat from leader
===================FOLLOWER IN TIMEOUT=====================
FOLLOWER: HeartBeat from leader
===================FOLLOWER IN TIMEOUT=====================
FOLLOWER: HeartBeat from leader
===================FOLLOWER IN TIMEOUT=====================
FOLLOWER: HeartBeat from leader
===================FOLLOWER IN TIMEOUT=====================
FOLLOWER: HeartBeat from leader
===================FOLLOWER IN TIMEOUT=====================
FOLLOWER: HeartBeat from leader
===================FOLLOWER IN TIMEOUT=====================
FOLLOWER: HeartBeat from leader
===================FOLLOWER IN TIMEOUT=====================
FOLLOWER: HeartBeat from leader
