ID: 1
TIME_OUT 6
===================FOLLOWER IN TIMEOUT=====================
Server started. Listening on port [::]:50052
===================FOLLOWER IN TIMEOUT=====================
===================FOLLOWER IN TIMEOUT=====================
===================FOLLOWER IN TIMEOUT=====================
===================FOLLOWER IN TIMEOUT=====================
===================FOLLOWER IN TIMEOUT=====================
===================FOLLOWER IN TIMEOUT=====================
Node ID: 1 Election Timer Timed out. Starting Election.
FOLLOWER: HeartBeat from leader
FOLLOWER: ID: 1 accepted append entries RPC from  2
===================FOLLOWER IN TIMEOUT=====================
FOLLOWER: HeartBeat from leader
===================FOLLOWER IN TIMEOUT=====================
FOLLOWER: HeartBeat from leader
===================FOLLOWER IN TIMEOUT=====================
FOLLOWER: HeartBeat from leader
===================FOLLOWER IN TIMEOUT=====================
FOLLOWER: HeartBeat from leader
===================FOLLOWER IN TIMEOUT=====================
FOLLOWER: HeartBeat from leader
===================FOLLOWER IN TIMEOUT=====================
FOLLOWER: HeartBeat from leader
===================FOLLOWER IN TIMEOUT=====================
FOLLOWER: HeartBeat from leader
===================FOLLOWER IN TIMEOUT=====================
FOLLOWER: HeartBeat from leader
===================FOLLOWER IN TIMEOUT=====================
FOLLOWER: HeartBeat from leader
===================FOLLOWER IN TIMEOUT=====================
FOLLOWER: HeartBeat from leader
===================FOLLOWER IN TIMEOUT=====================
FOLLOWER: HeartBeat from leader
===================FOLLOWER IN TIMEOUT=====================
FOLLOWER: HeartBeat from leader
===================FOLLOWER IN TIMEOUT=====================
FOLLOWER: HeartBeat from leader
===================FOLLOWER IN TIMEOUT=====================
FOLLOWER: HeartBeat from leader
===================FOLLOWER IN TIMEOUT=====================
FOLLOWER: HeartBeat from leader
===================FOLLOWER IN TIMEOUT=====================
FOLLOWER: HeartBeat from leader
===================FOLLOWER IN TIMEOUT=====================
FOLLOWER: HeartBeat from leader
===================FOLLOWER IN TIMEOUT=====================
===================FOLLOWER IN TIMEOUT=====================
FOLLOWER: HeartBeat from leader
===================FOLLOWER IN TIMEOUT=====================
FOLLOWER: HeartBeat from leader
===================FOLLOWER IN TIMEOUT=====================
FOLLOWER: HeartBeat from leader
===================FOLLOWER IN TIMEOUT=====================
FOLLOWER: HeartBeat from leader
===================FOLLOWER IN TIMEOUT=====================
FOLLOWER: HeartBeat from leader
===================FOLLOWER IN TIMEOUT=====================
FOLLOWER: HeartBeat from leader
===================FOLLOWER IN TIMEOUT=====================
FOLLOWER: HeartBeat from leader
===================FOLLOWER IN TIMEOUT=====================
FOLLOWER: HeartBeat from leader
===================FOLLOWER IN TIMEOUT=====================
FOLLOWER: HeartBeat from leader
===================FOLLOWER IN TIMEOUT=====================
FOLLOWER: HeartBeat from leader
===================FOLLOWER IN TIMEOUT=====================
FOLLOWER: HeartBeat from leader
===================FOLLOWER IN TIMEOUT=====================
FOLLOWER: HeartBeat from leader
===================FOLLOWER IN TIMEOUT=====================
FOLLOWER: HeartBeat from leader
===================FOLLOWER IN TIMEOUT=====================
FOLLOWER: HeartBeat from leader
===================FOLLOWER IN TIMEOUT=====================
FOLLOWER: HeartBeat from leader
===================FOLLOWER IN TIMEOUT=====================
FOLLOWER: HeartBeat from leader
===================FOLLOWER IN TIMEOUT=====================
FOLLOWER: HeartBeat from leader
===================FOLLOWER IN TIMEOUT=====================
FOLLOWER: HeartBeat from leader
===================FOLLOWER IN TIMEOUT=====================
FOLLOWER: HeartBeat from leader
===================FOLLOWER IN TIMEOUT=====================
FOLLOWER: HeartBeat from leader
===================FOLLOWER IN TIMEOUT=====================
FOLLOWER: HeartBeat from leader
===================FOLLOWER IN TIMEOUT=====================
FOLLOWER: HeartBeat from leader
===================FOLLOWER IN TIMEOUT=====================
FOLLOWER: HeartBeat from leader
===================FOLLOWER IN TIMEOUT=====================
FOLLOWER: HeartBeat from leader
===================FOLLOWER IN TIMEOUT=====================
FOLLOWER: HeartBeat from leader
===================FOLLOWER IN TIMEOUT=====================
FOLLOWER: HeartBeat from leader
===================FOLLOWER IN TIMEOUT=====================
FOLLOWER: HeartBeat from leader
===================FOLLOWER IN TIMEOUT=====================
FOLLOWER: HeartBeat from leader
===================FOLLOWER IN TIMEOUT=====================
FOLLOWER: HeartBeat from leader
===================FOLLOWER IN TIMEOUT=====================
FOLLOWER: HeartBeat from leader
===================FOLLOWER IN TIMEOUT=====================
FOLLOWER: HeartBeat from leader
===================FOLLOWER IN TIMEOUT=====================
FOLLOWER: HeartBeat from leader
===================FOLLOWER IN TIMEOUT=====================
FOLLOWER: HeartBeat from leader
===================FOLLOWER IN TIMEOUT=====================
FOLLOWER: HeartBeat from leader
===================FOLLOWER IN TIMEOUT=====================
FOLLOWER: HeartBeat from leader
===================FOLLOWER IN TIMEOUT=====================
FOLLOWER: HeartBeat from leader
===================FOLLOWER IN TIMEOUT=====================
FOLLOWER: HeartBeat from leader
===================FOLLOWER IN TIMEOUT=====================
FOLLOWER: HeartBeat from leader
===================FOLLOWER IN TIMEOUT=====================
FOLLOWER: HeartBeat from leader
===================FOLLOWER IN TIMEOUT=====================
FOLLOWER: HeartBeat from leader
===================FOLLOWER IN TIMEOUT=====================
FOLLOWER: HeartBeat from leader
===================FOLLOWER IN TIMEOUT=====================
FOLLOWER: HeartBeat from leader
===================FOLLOWER IN TIMEOUT=====================
FOLLOWER: HeartBeat from leader
===================FOLLOWER IN TIMEOUT=====================
FOLLOWER: HeartBeat from leader
===================FOLLOWER IN TIMEOUT=====================
FOLLOWER: HeartBeat from leader
===================FOLLOWER IN TIMEOUT=====================
FOLLOWER: HeartBeat from leader
===================FOLLOWER IN TIMEOUT=====================
FOLLOWER: HeartBeat from leader
===================FOLLOWER IN TIMEOUT=====================
FOLLOWER: HeartBeat from leader
===================FOLLOWER IN TIMEOUT=====================
FOLLOWER: HeartBeat from leader
===================FOLLOWER IN TIMEOUT=====================
FOLLOWER: HeartBeat from leader
===================FOLLOWER IN TIMEOUT=====================
FOLLOWER: HeartBeat from leader
===================FOLLOWER IN TIMEOUT=====================
FOLLOWER: HeartBeat from leader
===================FOLLOWER IN TIMEOUT=====================
FOLLOWER: HeartBeat from leader
===================FOLLOWER IN TIMEOUT=====================
FOLLOWER: HeartBeat from leader
===================FOLLOWER IN TIMEOUT=====================
FOLLOWER: HeartBeat from leader
===================FOLLOWER IN TIMEOUT=====================
FOLLOWER: HeartBeat from leader
===================FOLLOWER IN TIMEOUT=====================
FOLLOWER: HeartBeat from leader
===================FOLLOWER IN TIMEOUT=====================
FOLLOWER: HeartBeat from leader
===================FOLLOWER IN TIMEOUT=====================
FOLLOWER: HeartBeat from leader
===================FOLLOWER IN TIMEOUT=====================
FOLLOWER: HeartBeat from leader
===================FOLLOWER IN TIMEOUT=====================
FOLLOWER: HeartBeat from leader
===================FOLLOWER IN TIMEOUT=====================
FOLLOWER: HeartBeat from leader
===================FOLLOWER IN TIMEOUT=====================
FOLLOWER: HeartBeat from leader
===================FOLLOWER IN TIMEOUT=====================
FOLLOWER: HeartBeat from leader
===================FOLLOWER IN TIMEOUT=====================
FOLLOWER: HeartBeat from leader
===================FOLLOWER IN TIMEOUT=====================
FOLLOWER: HeartBeat from leader
===================FOLLOWER IN TIMEOUT=====================
FOLLOWER: HeartBeat from leader
===================FOLLOWER IN TIMEOUT=====================
FOLLOWER: HeartBeat from leader
===================FOLLOWER IN TIMEOUT=====================
FOLLOWER: HeartBeat from leader
===================FOLLOWER IN TIMEOUT=====================
FOLLOWER: HeartBeat from leader
===================FOLLOWER IN TIMEOUT=====================
FOLLOWER: HeartBeat from leader
===================FOLLOWER IN TIMEOUT=====================
FOLLOWER: HeartBeat from leader
===================FOLLOWER IN TIMEOUT=====================
FOLLOWER: HeartBeat from leader
===================FOLLOWER IN TIMEOUT=====================
FOLLOWER: HeartBeat from leader
===================FOLLOWER IN TIMEOUT=====================
FOLLOWER: HeartBeat from leader
===================FOLLOWER IN TIMEOUT=====================
FOLLOWER: HeartBeat from leader
===================FOLLOWER IN TIMEOUT=====================
FOLLOWER: HeartBeat from leader
===================FOLLOWER IN TIMEOUT=====================
FOLLOWER: HeartBeat from leader
===================FOLLOWER IN TIMEOUT=====================
FOLLOWER: HeartBeat from leader
===================FOLLOWER IN TIMEOUT=====================
FOLLOWER: HeartBeat from leader
===================FOLLOWER IN TIMEOUT=====================
FOLLOWER: HeartBeat from leader
===================FOLLOWER IN TIMEOUT=====================
FOLLOWER: HeartBeat from leader
===================FOLLOWER IN TIMEOUT=====================
FOLLOWER: HeartBeat from leader
===================FOLLOWER IN TIMEOUT=====================
FOLLOWER: HeartBeat from leader
===================FOLLOWER IN TIMEOUT=====================
FOLLOWER: HeartBeat from leader
===================FOLLOWER IN TIMEOUT=====================
FOLLOWER: HeartBeat from leader
===================FOLLOWER IN TIMEOUT=====================
FOLLOWER: HeartBeat from leader
===================FOLLOWER IN TIMEOUT=====================
FOLLOWER: HeartBeat from leader
===================FOLLOWER IN TIMEOUT=====================
FOLLOWER: HeartBeat from leader
===================FOLLOWER IN TIMEOUT=====================
FOLLOWER: HeartBeat from leader
===================FOLLOWER IN TIMEOUT=====================
FOLLOWER: HeartBeat from leader
===================FOLLOWER IN TIMEOUT=====================
FOLLOWER: HeartBeat from leader
===================FOLLOWER IN TIMEOUT=====================
FOLLOWER: HeartBeat from leader
===================FOLLOWER IN TIMEOUT=====================
FOLLOWER: HeartBeat from leader
===================FOLLOWER IN TIMEOUT=====================
FOLLOWER: HeartBeat from leader
===================FOLLOWER IN TIMEOUT=====================
FOLLOWER: HeartBeat from leader
===================FOLLOWER IN TIMEOUT=====================
FOLLOWER: HeartBeat from leader
===================FOLLOWER IN TIMEOUT=====================
FOLLOWER: HeartBeat from leader
===================FOLLOWER IN TIMEOUT=====================
FOLLOWER: HeartBeat from leader
===================FOLLOWER IN TIMEOUT=====================
FOLLOWER: HeartBeat from leader
===================FOLLOWER IN TIMEOUT=====================
FOLLOWER: HeartBeat from leader
===================FOLLOWER IN TIMEOUT=====================
FOLLOWER: HeartBeat from leader
===================FOLLOWER IN TIMEOUT=====================
FOLLOWER: HeartBeat from leader
===================FOLLOWER IN TIMEOUT=====================
FOLLOWER: HeartBeat from leader
===================FOLLOWER IN TIMEOUT=====================
FOLLOWER: HeartBeat from leader
===================FOLLOWER IN TIMEOUT=====================
FOLLOWER: HeartBeat from leader
===================FOLLOWER IN TIMEOUT=====================
FOLLOWER: HeartBeat from leader
===================FOLLOWER IN TIMEOUT=====================
FOLLOWER: HeartBeat from leader
===================FOLLOWER IN TIMEOUT=====================
FOLLOWER: HeartBeat from leader
===================FOLLOWER IN TIMEOUT=====================
FOLLOWER: HeartBeat from leader
===================FOLLOWER IN TIMEOUT=====================
FOLLOWER: HeartBeat from leader
===================FOLLOWER IN TIMEOUT=====================
FOLLOWER: HeartBeat from leader
===================FOLLOWER IN TIMEOUT=====================
FOLLOWER: HeartBeat from leader
===================FOLLOWER IN TIMEOUT=====================
FOLLOWER: HeartBeat from leader
===================FOLLOWER IN TIMEOUT=====================
FOLLOWER: HeartBeat from leader
===================FOLLOWER IN TIMEOUT=====================
FOLLOWER: HeartBeat from leader
===================FOLLOWER IN TIMEOUT=====================
FOLLOWER: HeartBeat from leader
===================FOLLOWER IN TIMEOUT=====================
FOLLOWER: HeartBeat from leader
===================FOLLOWER IN TIMEOUT=====================
FOLLOWER: HeartBeat from leader
===================FOLLOWER IN TIMEOUT=====================
FOLLOWER: HeartBeat from leader
===================FOLLOWER IN TIMEOUT=====================
FOLLOWER: HeartBeat from leader
===================FOLLOWER IN TIMEOUT=====================
FOLLOWER: HeartBeat from leader
===================FOLLOWER IN TIMEOUT=====================
FOLLOWER: HeartBeat from leader
===================FOLLOWER IN TIMEOUT=====================
FOLLOWER: HeartBeat from leader
===================FOLLOWER IN TIMEOUT=====================
FOLLOWER: HeartBeat from leader
===================FOLLOWER IN TIMEOUT=====================
FOLLOWER: HeartBeat from leader
===================FOLLOWER IN TIMEOUT=====================
FOLLOWER: HeartBeat from leader
===================FOLLOWER IN TIMEOUT=====================
FOLLOWER: HeartBeat from leader
===================FOLLOWER IN TIMEOUT=====================
FOLLOWER: HeartBeat from leader
===================FOLLOWER IN TIMEOUT=====================
FOLLOWER: HeartBeat from leader
===================FOLLOWER IN TIMEOUT=====================
FOLLOWER: HeartBeat from leader
===================FOLLOWER IN TIMEOUT=====================
FOLLOWER: HeartBeat from leader
===================FOLLOWER IN TIMEOUT=====================
FOLLOWER: HeartBeat from leader
===================FOLLOWER IN TIMEOUT=====================
FOLLOWER: HeartBeat from leader
===================FOLLOWER IN TIMEOUT=====================
FOLLOWER: HeartBeat from leader
===================FOLLOWER IN TIMEOUT=====================
FOLLOWER: HeartBeat from leader
===================FOLLOWER IN TIMEOUT=====================
FOLLOWER: HeartBeat from leader
===================FOLLOWER IN TIMEOUT=====================
FOLLOWER: HeartBeat from leader
===================FOLLOWER IN TIMEOUT=====================
FOLLOWER: HeartBeat from leader
===================FOLLOWER IN TIMEOUT=====================
FOLLOWER: HeartBeat from leader
===================FOLLOWER IN TIMEOUT=====================
FOLLOWER: HeartBeat from leader
===================FOLLOWER IN TIMEOUT=====================
FOLLOWER: HeartBeat from leader
===================FOLLOWER IN TIMEOUT=====================
FOLLOWER: HeartBeat from leader
===================FOLLOWER IN TIMEOUT=====================
FOLLOWER: HeartBeat from leader
===================FOLLOWER IN TIMEOUT=====================
FOLLOWER: HeartBeat from leader
===================FOLLOWER IN TIMEOUT=====================
FOLLOWER: HeartBeat from leader
===================FOLLOWER IN TIMEOUT=====================
FOLLOWER: HeartBeat from leader
===================FOLLOWER IN TIMEOUT=====================
FOLLOWER: HeartBeat from leader
===================FOLLOWER IN TIMEOUT=====================
FOLLOWER: HeartBeat from leader
===================FOLLOWER IN TIMEOUT=====================
FOLLOWER: HeartBeat from leader
===================FOLLOWER IN TIMEOUT=====================
FOLLOWER: HeartBeat from leader
===================FOLLOWER IN TIMEOUT=====================
FOLLOWER: HeartBeat from leader
===================FOLLOWER IN TIMEOUT=====================
FOLLOWER: HeartBeat from leader
